<?xml version="1.0" encoding="UTF-8"?>
<!-- Generated by org.testng.reporters.JUnitXMLReporter -->
<testsuite ignored="0" hostname="VikramSolanki" failures="0" tests="3" name="Cucumber Tests" time="1.174" errors="0" timestamp="2025-04-27T16:12:51 IST">
  <testcase classname="runner.TestNgRunner" name="@BeforeClass setup" time="-1.745750570965E9">
    <failure type="org.testng.TestNGException" message="
Parameter &amp;apos;env&amp;apos; is required by BeforeClass on method setup but has not been marked @Optional or defined
in D:\Yogesh\Java Workspace\CodingTestApexSystemsLabCorp\src\test\resources\runner\testng.xml">
      <![CDATA[org.testng.TestNGException: 
Parameter 'env' is required by BeforeClass on method setup but has not been marked @Optional or defined
in D:\Yogesh\Java Workspace\CodingTestApexSystemsLabCorp\src\test\resources\runner\testng.xml
at java.base/java.util.ArrayList.forEach(ArrayList.java:1511)
at java.base/java.util.concurrent.FutureTask.run(FutureTask.java:264)
at java.base/java.util.concurrent.ThreadPoolExecutor.runWorker(ThreadPoolExecutor.java:1136)
at java.base/java.util.concurrent.ThreadPoolExecutor$Worker.run(ThreadPoolExecutor.java:635)
at java.base/java.lang.Thread.run(Thread.java:842)
... Removed 12 stack frames]]>
    </failure>
  </testcase> <!-- @BeforeClass setup -->
  <testcase classname="io.cucumber.testng.AbstractTestNGCucumberTests" name="runScenario" time="0.0">
    <skipped/>
  </testcase> <!-- runScenario -->
  <testcase classname="io.cucumber.testng.AbstractTestNGCucumberTests" name="runScenario" time="0.0">
    <skipped/>
  </testcase> <!-- runScenario -->
  <testcase classname="io.cucumber.testng.AbstractTestNGCucumberTests" name="runScenario" time="0.0">
    <skipped/>
  </testcase> <!-- runScenario -->
</testsuite> <!-- Cucumber Tests -->
